<?xml version="1.0" encoding="UTF-8"?>
<!-- Generated by org.testng.reporters.JUnitReportReporter -->
<testsuite skipped="0" hostname="Abhi-PC" name="com.amazon.qa.testcases.RechargePageTest" tests="1" failures="0" timestamp="29 Jun 2020 09:42:16 GMT" time="58.253" errors="0">
  <testcase name="rechargeMobile" time="58.253" classname="com.amazon.qa.testcases.RechargePageTest"/>
</testsuite> <!-- com.amazon.qa.testcases.RechargePageTest -->
